
                            < M A T L A B (R) >
                  Copyright 1984-2018 The MathWorks, Inc.
              R2018a Update 6 (9.4.0.949201) 64-bit (glnxa64)
                             September 5, 2018

 
For online documentation, see http://www.mathworks.com/support
For product information, visit www.mathworks.com.
 


[DATA]1,2,3,2


                            < M A T L A B (R) >
                  Copyright 1984-2018 The MathWorks, Inc.
              R2018a Update 6 (9.4.0.949201) 64-bit (glnxa64)
                             September 5, 2018

 
For online documentation, see http://www.mathworks.com/support
For product information, visit www.mathworks.com.
 


[DATA]3,4,7,12


                            < M A T L A B (R) >
                  Copyright 1984-2018 The MathWorks, Inc.
              R2018a Update 6 (9.4.0.949201) 64-bit (glnxa64)
                             September 5, 2018

 
For online documentation, see http://www.mathworks.com/support
For product information, visit www.mathworks.com.
 


[DATA]5,6,11,30


                            < M A T L A B (R) >
                  Copyright 1984-2018 The MathWorks, Inc.
              R2018a Update 6 (9.4.0.949201) 64-bit (glnxa64)
                             September 5, 2018

 
For online documentation, see http://www.mathworks.com/support
For product information, visit www.mathworks.com.
 


[DATA]7,8,15,56


                            < M A T L A B (R) >
                  Copyright 1984-2018 The MathWorks, Inc.
              R2018a Update 6 (9.4.0.949201) 64-bit (glnxa64)
                             September 5, 2018

 
For online documentation, see http://www.mathworks.com/support
For product information, visit www.mathworks.com.
 


[DATA]9,10,19,90

